Analysis & Synthesis report for Projeto_Cofre
Wed Jul 20 15:41:42 2022
Quartus II 64-Bit Version 13.0.1 Build 232 06/12/2013 Service Pack 1 SJ Web Edition


---------------------
; Table of Contents ;
---------------------
  1. Legal Notice
  2. Analysis & Synthesis Summary
  3. Analysis & Synthesis Settings
  4. Parallel Compilation
  5. Analysis & Synthesis Source Files Read
  6. Analysis & Synthesis Resource Usage Summary
  7. Analysis & Synthesis Resource Utilization by Entity
  8. State Machine - |Projeto_Cofre|CaminhoDados:cam_dados|contador_mod3:inst7|estado_atual
  9. State Machine - |Projeto_Cofre|Controladora:control|estado_atual
 10. Registers Removed During Synthesis
 11. General Register Statistics
 12. Multiplexer Restructuring Statistics (Restructuring Performed)
 13. Elapsed Time Per Partition
 14. Analysis & Synthesis Messages



----------------
; Legal Notice ;
----------------
Copyright (C) 1991-2013 Altera Corporation
Your use of Altera Corporation's design tools, logic functions 
and other software and tools, and its AMPP partner logic 
functions, and any output files from any of the foregoing 
(including device programming or simulation files), and any 
associated documentation or information are expressly subject 
to the terms and conditions of the Altera Program License 
Subscription Agreement, Altera MegaCore Function License 
Agreement, or other applicable license agreement, including, 
without limitation, that your use is for the sole purpose of 
programming logic devices manufactured by Altera and sold by 
Altera or its authorized distributors.  Please refer to the 
applicable agreement for further details.



+--------------------------------------------------------------------------------------+
; Analysis & Synthesis Summary                                                         ;
+------------------------------------+-------------------------------------------------+
; Analysis & Synthesis Status        ; Successful - Wed Jul 20 15:41:41 2022           ;
; Quartus II 64-Bit Version          ; 13.0.1 Build 232 06/12/2013 SP 1 SJ Web Edition ;
; Revision Name                      ; Projeto_Cofre                                   ;
; Top-level Entity Name              ; Projeto_Cofre                                   ;
; Family                             ; Cyclone II                                      ;
; Total logic elements               ; 24                                              ;
;     Total combinational functions  ; 22                                              ;
;     Dedicated logic registers      ; 13                                              ;
; Total registers                    ; 13                                              ;
; Total pins                         ; 39                                              ;
; Total virtual pins                 ; 0                                               ;
; Total memory bits                  ; 0                                               ;
; Embedded Multiplier 9-bit elements ; 0                                               ;
; Total PLLs                         ; 0                                               ;
+------------------------------------+-------------------------------------------------+


+----------------------------------------------------------------------------------------------------------------------+
; Analysis & Synthesis Settings                                                                                        ;
+----------------------------------------------------------------------------+--------------------+--------------------+
; Option                                                                     ; Setting            ; Default Value      ;
+----------------------------------------------------------------------------+--------------------+--------------------+
; Device                                                                     ; EP2C35F672C6       ;                    ;
; Top-level entity name                                                      ; Projeto_Cofre      ; Projeto_Cofre      ;
; Family name                                                                ; Cyclone II         ; Cyclone IV GX      ;
; Use smart compilation                                                      ; Off                ; Off                ;
; Enable parallel Assembler and TimeQuest Timing Analyzer during compilation ; On                 ; On                 ;
; Enable compact report table                                                ; Off                ; Off                ;
; Restructure Multiplexers                                                   ; Auto               ; Auto               ;
; Create Debugging Nodes for IP Cores                                        ; Off                ; Off                ;
; Preserve fewer node names                                                  ; On                 ; On                 ;
; Disable OpenCore Plus hardware evaluation                                  ; Off                ; Off                ;
; Verilog Version                                                            ; Verilog_2001       ; Verilog_2001       ;
; VHDL Version                                                               ; VHDL_1993          ; VHDL_1993          ;
; State Machine Processing                                                   ; Auto               ; Auto               ;
; Safe State Machine                                                         ; Off                ; Off                ;
; Extract Verilog State Machines                                             ; On                 ; On                 ;
; Extract VHDL State Machines                                                ; On                 ; On                 ;
; Ignore Verilog initial constructs                                          ; Off                ; Off                ;
; Iteration limit for constant Verilog loops                                 ; 5000               ; 5000               ;
; Iteration limit for non-constant Verilog loops                             ; 250                ; 250                ;
; Add Pass-Through Logic to Inferred RAMs                                    ; On                 ; On                 ;
; Infer RAMs from Raw Logic                                                  ; On                 ; On                 ;
; Parallel Synthesis                                                         ; On                 ; On                 ;
; DSP Block Balancing                                                        ; Auto               ; Auto               ;
; NOT Gate Push-Back                                                         ; On                 ; On                 ;
; Power-Up Don't Care                                                        ; On                 ; On                 ;
; Remove Redundant Logic Cells                                               ; Off                ; Off                ;
; Remove Duplicate Registers                                                 ; On                 ; On                 ;
; Ignore CARRY Buffers                                                       ; Off                ; Off                ;
; Ignore CASCADE Buffers                                                     ; Off                ; Off                ;
; Ignore GLOBAL Buffers                                                      ; Off                ; Off                ;
; Ignore ROW GLOBAL Buffers                                                  ; Off                ; Off                ;
; Ignore LCELL Buffers                                                       ; Off                ; Off                ;
; Ignore SOFT Buffers                                                        ; On                 ; On                 ;
; Limit AHDL Integers to 32 Bits                                             ; Off                ; Off                ;
; Optimization Technique                                                     ; Balanced           ; Balanced           ;
; Carry Chain Length                                                         ; 70                 ; 70                 ;
; Auto Carry Chains                                                          ; On                 ; On                 ;
; Auto Open-Drain Pins                                                       ; On                 ; On                 ;
; Perform WYSIWYG Primitive Resynthesis                                      ; Off                ; Off                ;
; Auto ROM Replacement                                                       ; On                 ; On                 ;
; Auto RAM Replacement                                                       ; On                 ; On                 ;
; Auto Shift Register Replacement                                            ; Auto               ; Auto               ;
; Allow Shift Register Merging across Hierarchies                            ; Auto               ; Auto               ;
; Auto Clock Enable Replacement                                              ; On                 ; On                 ;
; Strict RAM Replacement                                                     ; Off                ; Off                ;
; Allow Synchronous Control Signals                                          ; On                 ; On                 ;
; Force Use of Synchronous Clear Signals                                     ; Off                ; Off                ;
; Auto RAM to Logic Cell Conversion                                          ; Off                ; Off                ;
; Auto Resource Sharing                                                      ; Off                ; Off                ;
; Allow Any RAM Size For Recognition                                         ; Off                ; Off                ;
; Allow Any ROM Size For Recognition                                         ; Off                ; Off                ;
; Allow Any Shift Register Size For Recognition                              ; Off                ; Off                ;
; Use LogicLock Constraints during Resource Balancing                        ; On                 ; On                 ;
; Ignore translate_off and synthesis_off directives                          ; Off                ; Off                ;
; Timing-Driven Synthesis                                                    ; Off                ; Off                ;
; Report Parameter Settings                                                  ; On                 ; On                 ;
; Report Source Assignments                                                  ; On                 ; On                 ;
; Report Connectivity Checks                                                 ; On                 ; On                 ;
; Ignore Maximum Fan-Out Assignments                                         ; Off                ; Off                ;
; Synchronization Register Chain Length                                      ; 2                  ; 2                  ;
; PowerPlay Power Optimization                                               ; Normal compilation ; Normal compilation ;
; HDL message level                                                          ; Level2             ; Level2             ;
; Suppress Register Optimization Related Messages                            ; Off                ; Off                ;
; Number of Removed Registers Reported in Synthesis Report                   ; 5000               ; 5000               ;
; Number of Swept Nodes Reported in Synthesis Report                         ; 5000               ; 5000               ;
; Number of Inverted Registers Reported in Synthesis Report                  ; 100                ; 100                ;
; Clock MUX Protection                                                       ; On                 ; On                 ;
; Auto Gated Clock Conversion                                                ; Off                ; Off                ;
; Block Design Naming                                                        ; Auto               ; Auto               ;
; SDC constraint protection                                                  ; Off                ; Off                ;
; Synthesis Effort                                                           ; Auto               ; Auto               ;
; Shift Register Replacement - Allow Asynchronous Clear Signal               ; On                 ; On                 ;
; Pre-Mapping Resynthesis Optimization                                       ; Off                ; Off                ;
; Analysis & Synthesis Message Level                                         ; Medium             ; Medium             ;
; Disable Register Merging Across Hierarchies                                ; Auto               ; Auto               ;
; Resource Aware Inference For Block RAM                                     ; On                 ; On                 ;
; Synthesis Seed                                                             ; 1                  ; 1                  ;
+----------------------------------------------------------------------------+--------------------+--------------------+


Parallel compilation was disabled, but you have multiple processors available. Enable parallel compilation to reduce compilation time.
+-------------------------------------+
; Parallel Compilation                ;
+----------------------------+--------+
; Processors                 ; Number ;
+----------------------------+--------+
; Number detected on machine ; 2      ;
; Maximum allowed            ; 1      ;
+----------------------------+--------+


+-------------------------------------------------------------------------------------------------------------------------------------------------------------------------------------+
; Analysis & Synthesis Source Files Read                                                                                                                                              ;
+----------------------------------+-----------------+------------------------------------+---------------------------------------------------------------------------------+---------+
; File Name with User-Entered Path ; Used in Netlist ; File Type                          ; File Name with Absolute Path                                                    ; Library ;
+----------------------------------+-----------------+------------------------------------+---------------------------------------------------------------------------------+---------+
; Projeto_Cofre.vhd                ; yes             ; User VHDL File                     ; C:/Users/lhenr/OneDrive/Documentos/UFMG/Sistemas_Digitais/Projeto_Cofre.vhd     ;         ;
; Comparador.vhd                   ; yes             ; User VHDL File                     ; C:/Users/lhenr/OneDrive/Documentos/UFMG/Sistemas_Digitais/Comparador.vhd        ;         ;
; Comparador_Menor.vhd             ; yes             ; User VHDL File                     ; C:/Users/lhenr/OneDrive/Documentos/UFMG/Sistemas_Digitais/Comparador_Menor.vhd  ;         ;
; Registrador.vhd                  ; yes             ; User VHDL File                     ; C:/Users/lhenr/OneDrive/Documentos/UFMG/Sistemas_Digitais/Registrador.vhd       ;         ;
; contador_mod3_can.vhd            ; yes             ; User VHDL File                     ; C:/Users/lhenr/OneDrive/Documentos/UFMG/Sistemas_Digitais/contador_mod3_can.vhd ;         ;
; CaminhoDados.bdf                 ; yes             ; User Block Diagram/Schematic File  ; C:/Users/lhenr/OneDrive/Documentos/UFMG/Sistemas_Digitais/CaminhoDados.bdf      ;         ;
; Controladora.vhd                 ; yes             ; User VHDL File                     ; C:/Users/lhenr/OneDrive/Documentos/UFMG/Sistemas_Digitais/Controladora.vhd      ;         ;
; Codigos.vhd                      ; yes             ; User VHDL File                     ; C:/Users/lhenr/OneDrive/Documentos/UFMG/Sistemas_Digitais/Codigos.vhd           ;         ;
; MuxProjeto.vhd                   ; yes             ; User VHDL File                     ; C:/Users/lhenr/OneDrive/Documentos/UFMG/Sistemas_Digitais/MuxProjeto.vhd        ;         ;
; 21mux.bdf                        ; yes             ; Megafunction                       ; c:/altera/13.0sp1/quartus/libraries/others/maxplus2/21mux.bdf                   ;         ;
+----------------------------------+-----------------+------------------------------------+---------------------------------------------------------------------------------+---------+


+----------------------------------------------------------------------------------------+
; Analysis & Synthesis Resource Usage Summary                                            ;
+---------------------------------------------+------------------------------------------+
; Resource                                    ; Usage                                    ;
+---------------------------------------------+------------------------------------------+
; Estimated Total logic elements              ; 24                                       ;
;                                             ;                                          ;
; Total combinational functions               ; 22                                       ;
; Logic element usage by number of LUT inputs ;                                          ;
;     -- 4 input functions                    ; 13                                       ;
;     -- 3 input functions                    ; 2                                        ;
;     -- <=2 input functions                  ; 7                                        ;
;                                             ;                                          ;
; Logic elements by mode                      ;                                          ;
;     -- normal mode                          ; 22                                       ;
;     -- arithmetic mode                      ; 0                                        ;
;                                             ;                                          ;
; Total registers                             ; 13                                       ;
;     -- Dedicated logic registers            ; 13                                       ;
;     -- I/O registers                        ; 0                                        ;
;                                             ;                                          ;
; I/O pins                                    ; 39                                       ;
; Embedded Multiplier 9-bit elements          ; 0                                        ;
; Maximum fan-out node                        ; Controladora:control|estado_atual.Inicio ;
; Maximum fan-out                             ; 9                                        ;
; Total fan-out                               ; 106                                      ;
; Average fan-out                             ; 1.43                                     ;
+---------------------------------------------+------------------------------------------+


+--------------------------------------------------------------------------------------------------------------------------------------------------------------------------------------------------------------------+
; Analysis & Synthesis Resource Utilization by Entity                                                                                                                                                                ;
+-----------------------------+-------------------+--------------+-------------+--------------+---------+-----------+------+--------------+-----------------------------------------------------------+--------------+
; Compilation Hierarchy Node  ; LC Combinationals ; LC Registers ; Memory Bits ; DSP Elements ; DSP 9x9 ; DSP 18x18 ; Pins ; Virtual Pins ; Full Hierarchy Name                                       ; Library Name ;
+-----------------------------+-------------------+--------------+-------------+--------------+---------+-----------+------+--------------+-----------------------------------------------------------+--------------+
; |Projeto_Cofre              ; 22 (0)            ; 13 (0)       ; 0           ; 0            ; 0       ; 0         ; 39   ; 0            ; |Projeto_Cofre                                            ; work         ;
;    |CaminhoDados:cam_dados| ; 3 (0)             ; 4 (0)        ; 0           ; 0            ; 0       ; 0         ; 0    ; 0            ; |Projeto_Cofre|CaminhoDados:cam_dados                     ; work         ;
;       |contador_mod3:inst7| ; 3 (3)             ; 4 (4)        ; 0           ; 0            ; 0       ; 0         ; 0    ; 0            ; |Projeto_Cofre|CaminhoDados:cam_dados|contador_mod3:inst7 ; work         ;
;    |Controladora:control|   ; 19 (19)           ; 9 (9)        ; 0           ; 0            ; 0       ; 0         ; 0    ; 0            ; |Projeto_Cofre|Controladora:control                       ; work         ;
+-----------------------------+-------------------+--------------+-------------+--------------+---------+-----------+------+--------------+-----------------------------------------------------------+--------------+
Note: For table entries with two numbers listed, the numbers in parentheses indicate the number of resources of the given type used by the specific entity alone. The numbers listed outside of parentheses indicate the total resources of the given type used by the specific entity and all of its sub-entities in the hierarchy.


Encoding Type:  One-Hot
+-----------------------------------------------------------------------------------------+
; State Machine - |Projeto_Cofre|CaminhoDados:cam_dados|contador_mod3:inst7|estado_atual  ;
+-----------------+-----------------+-----------------+-----------------+-----------------+
; Name            ; estado_atual.S3 ; estado_atual.S2 ; estado_atual.S1 ; estado_atual.S0 ;
+-----------------+-----------------+-----------------+-----------------+-----------------+
; estado_atual.S0 ; 0               ; 0               ; 0               ; 0               ;
; estado_atual.S1 ; 0               ; 0               ; 1               ; 1               ;
; estado_atual.S2 ; 0               ; 1               ; 0               ; 1               ;
; estado_atual.S3 ; 1               ; 0               ; 0               ; 1               ;
+-----------------+-----------------+-----------------+-----------------+-----------------+


Encoding Type:  One-Hot
+------------------------------------------------------------------------------------------------------------------------------------------------------------------------------------------------------------------------------------------------+
; State Machine - |Projeto_Cofre|Controladora:control|estado_atual                                                                                                                                                                               ;
+---------------------+--------------------+----------------+-----------------+-----------------+----------------+-----------------+-----------------+----------------+-----------------+-----------------+----------------+---------------------+
; Name                ; estado_atual.Abrir ; estado_atual.D ; estado_atual.C2 ; estado_atual.C1 ; estado_atual.C ; estado_atual.B2 ; estado_atual.B1 ; estado_atual.B ; estado_atual.A2 ; estado_atual.A1 ; estado_atual.A ; estado_atual.Inicio ;
+---------------------+--------------------+----------------+-----------------+-----------------+----------------+-----------------+-----------------+----------------+-----------------+-----------------+----------------+---------------------+
; estado_atual.Inicio ; 0                  ; 0              ; 0               ; 0               ; 0              ; 0               ; 0               ; 0              ; 0               ; 0               ; 0              ; 0                   ;
; estado_atual.A      ; 0                  ; 0              ; 0               ; 0               ; 0              ; 0               ; 0               ; 0              ; 0               ; 0               ; 1              ; 1                   ;
; estado_atual.A1     ; 0                  ; 0              ; 0               ; 0               ; 0              ; 0               ; 0               ; 0              ; 0               ; 1               ; 0              ; 1                   ;
; estado_atual.A2     ; 0                  ; 0              ; 0               ; 0               ; 0              ; 0               ; 0               ; 0              ; 1               ; 0               ; 0              ; 1                   ;
; estado_atual.B      ; 0                  ; 0              ; 0               ; 0               ; 0              ; 0               ; 0               ; 1              ; 0               ; 0               ; 0              ; 1                   ;
; estado_atual.B1     ; 0                  ; 0              ; 0               ; 0               ; 0              ; 0               ; 1               ; 0              ; 0               ; 0               ; 0              ; 1                   ;
; estado_atual.B2     ; 0                  ; 0              ; 0               ; 0               ; 0              ; 1               ; 0               ; 0              ; 0               ; 0               ; 0              ; 1                   ;
; estado_atual.C      ; 0                  ; 0              ; 0               ; 0               ; 1              ; 0               ; 0               ; 0              ; 0               ; 0               ; 0              ; 1                   ;
; estado_atual.C1     ; 0                  ; 0              ; 0               ; 1               ; 0              ; 0               ; 0               ; 0              ; 0               ; 0               ; 0              ; 1                   ;
; estado_atual.C2     ; 0                  ; 0              ; 1               ; 0               ; 0              ; 0               ; 0               ; 0              ; 0               ; 0               ; 0              ; 1                   ;
; estado_atual.D      ; 0                  ; 1              ; 0               ; 0               ; 0              ; 0               ; 0               ; 0              ; 0               ; 0               ; 0              ; 1                   ;
; estado_atual.Abrir  ; 1                  ; 0              ; 0               ; 0               ; 0              ; 0               ; 0               ; 0              ; 0               ; 0               ; 0              ; 1                   ;
+---------------------+--------------------+----------------+-----------------+-----------------+----------------+-----------------+-----------------+----------------+-----------------+-----------------+----------------+---------------------+


+--------------------------------------------------------------------------------------------+
; Registers Removed During Synthesis                                                         ;
+---------------------------------------------------+----------------------------------------+
; Register name                                     ; Reason for Removal                     ;
+---------------------------------------------------+----------------------------------------+
; CaminhoDados:cam_dados|Registrador:inst12|s[0..9] ; Stuck at VCC due to stuck port data_in ;
; CaminhoDados:cam_dados|Registrador:inst11|s[0..9] ; Stuck at VCC due to stuck port data_in ;
; CaminhoDados:cam_dados|Registrador:inst8|s[0..9]  ; Stuck at VCC due to stuck port data_in ;
; Controladora:control|estado_atual.A1              ; Lost fanout                            ;
; Controladora:control|estado_atual.B1              ; Lost fanout                            ;
; Controladora:control|estado_atual.Abrir           ; Stuck at GND due to stuck port data_in ;
; Total Number of Removed Registers = 33            ;                                        ;
+---------------------------------------------------+----------------------------------------+


+------------------------------------------------------+
; General Register Statistics                          ;
+----------------------------------------------+-------+
; Statistic                                    ; Value ;
+----------------------------------------------+-------+
; Total registers                              ; 13    ;
; Number of registers using Synchronous Clear  ; 0     ;
; Number of registers using Synchronous Load   ; 0     ;
; Number of registers using Asynchronous Clear ; 4     ;
; Number of registers using Asynchronous Load  ; 0     ;
; Number of registers using Clock Enable       ; 3     ;
; Number of registers using Preset             ; 0     ;
+----------------------------------------------+-------+


+------------------------------------------------------------------------------------------------------------------------------------------------------------------------------+
; Multiplexer Restructuring Statistics (Restructuring Performed)                                                                                                               ;
+--------------------+-----------+---------------+----------------------+------------------------+------------+----------------------------------------------------------------+
; Multiplexer Inputs ; Bus Width ; Baseline Area ; Area if Restructured ; Saving if Restructured ; Registered ; Example Multiplexer Output                                     ;
+--------------------+-----------+---------------+----------------------+------------------------+------------+----------------------------------------------------------------+
; 3:1                ; 2 bits    ; 4 LEs         ; 4 LEs                ; 0 LEs                  ; No         ; |Projeto_Cofre|CaminhoDados:cam_dados|Codigos:inst|endereco[0] ;
+--------------------+-----------+---------------+----------------------+------------------------+------------+----------------------------------------------------------------+


+-------------------------------+
; Elapsed Time Per Partition    ;
+----------------+--------------+
; Partition Name ; Elapsed Time ;
+----------------+--------------+
; Top            ; 00:00:03     ;
+----------------+--------------+


+-------------------------------+
; Analysis & Synthesis Messages ;
+-------------------------------+
Info: *******************************************************************
Info: Running Quartus II 64-Bit Analysis & Synthesis
    Info: Version 13.0.1 Build 232 06/12/2013 Service Pack 1 SJ Web Edition
    Info: Processing started: Wed Jul 20 15:41:21 2022
Info: Command: quartus_map --read_settings_files=on --write_settings_files=off Projeto_Cofre -c Projeto_Cofre
Warning (20028): Parallel compilation is not licensed and has been disabled
Info (12021): Found 2 design units, including 1 entities, in source file projeto_cofre.vhd
    Info (12022): Found design unit 1: Projeto_Cofre-behavior
    Info (12023): Found entity 1: Projeto_Cofre
Info (12021): Found 2 design units, including 1 entities, in source file comparador.vhd
    Info (12022): Found design unit 1: Comparador-behavior
    Info (12023): Found entity 1: Comparador
Info (12021): Found 2 design units, including 1 entities, in source file comparador_menor.vhd
    Info (12022): Found design unit 1: Comparador_Menor-behavior
    Info (12023): Found entity 1: Comparador_Menor
Info (12021): Found 2 design units, including 1 entities, in source file registrador.vhd
    Info (12022): Found design unit 1: Registrador-behavior
    Info (12023): Found entity 1: Registrador
Info (12021): Found 2 design units, including 1 entities, in source file contador_mod3_can.vhd
    Info (12022): Found design unit 1: contador_mod3-contador_mod3_mealy
    Info (12023): Found entity 1: contador_mod3
Info (12021): Found 1 design units, including 1 entities, in source file caminhodados.bdf
    Info (12023): Found entity 1: CaminhoDados
Info (12021): Found 2 design units, including 1 entities, in source file controladora.vhd
    Info (12022): Found design unit 1: Controladora-behavior
    Info (12023): Found entity 1: Controladora
Info (12021): Found 2 design units, including 1 entities, in source file codigos.vhd
    Info (12022): Found design unit 1: Codigos-behavior
    Info (12023): Found entity 1: Codigos
Info (12021): Found 2 design units, including 1 entities, in source file muxprojeto.vhd
    Info (12022): Found design unit 1: MuxProjeto-behavior
    Info (12023): Found entity 1: MuxProjeto
Info (12127): Elaborating entity "Projeto_Cofre" for the top level hierarchy
Info (12128): Elaborating entity "Controladora" for hierarchy "Controladora:control"
Warning (10631): VHDL Process Statement warning at Controladora.vhd(21): inferring latch(es) for signal or variable "Luz1", which holds its previous value in one or more paths through the process
Warning (10631): VHDL Process Statement warning at Controladora.vhd(21): inferring latch(es) for signal or variable "Luz2", which holds its previous value in one or more paths through the process
Warning (10631): VHDL Process Statement warning at Controladora.vhd(21): inferring latch(es) for signal or variable "Luz3", which holds its previous value in one or more paths through the process
Warning (10631): VHDL Process Statement warning at Controladora.vhd(21): inferring latch(es) for signal or variable "Load1", which holds its previous value in one or more paths through the process
Warning (10631): VHDL Process Statement warning at Controladora.vhd(21): inferring latch(es) for signal or variable "Load2", which holds its previous value in one or more paths through the process
Warning (10631): VHDL Process Statement warning at Controladora.vhd(21): inferring latch(es) for signal or variable "Load3", which holds its previous value in one or more paths through the process
Warning (10631): VHDL Process Statement warning at Controladora.vhd(21): inferring latch(es) for signal or variable "Conta", which holds its previous value in one or more paths through the process
Warning (10631): VHDL Process Statement warning at Controladora.vhd(21): inferring latch(es) for signal or variable "Reset_Tempo", which holds its previous value in one or more paths through the process
Warning (10631): VHDL Process Statement warning at Controladora.vhd(21): inferring latch(es) for signal or variable "Abre", which holds its previous value in one or more paths through the process
Warning (10631): VHDL Process Statement warning at Controladora.vhd(21): inferring latch(es) for signal or variable "proximo_estado", which holds its previous value in one or more paths through the process
Info (10041): Inferred latch for "proximo_estado.Abrir" at Controladora.vhd(21)
Info (10041): Inferred latch for "proximo_estado.D" at Controladora.vhd(21)
Info (10041): Inferred latch for "proximo_estado.C2" at Controladora.vhd(21)
Info (10041): Inferred latch for "proximo_estado.C1" at Controladora.vhd(21)
Info (10041): Inferred latch for "proximo_estado.C" at Controladora.vhd(21)
Info (10041): Inferred latch for "proximo_estado.B2" at Controladora.vhd(21)
Info (10041): Inferred latch for "proximo_estado.B1" at Controladora.vhd(21)
Info (10041): Inferred latch for "proximo_estado.B" at Controladora.vhd(21)
Info (10041): Inferred latch for "proximo_estado.A2" at Controladora.vhd(21)
Info (10041): Inferred latch for "proximo_estado.A1" at Controladora.vhd(21)
Info (10041): Inferred latch for "proximo_estado.A" at Controladora.vhd(21)
Info (10041): Inferred latch for "proximo_estado.Inicio" at Controladora.vhd(21)
Info (10041): Inferred latch for "Abre" at Controladora.vhd(21)
Info (10041): Inferred latch for "Reset_Tempo" at Controladora.vhd(21)
Info (10041): Inferred latch for "Conta" at Controladora.vhd(21)
Info (10041): Inferred latch for "Load3" at Controladora.vhd(21)
Info (10041): Inferred latch for "Load2" at Controladora.vhd(21)
Info (10041): Inferred latch for "Load1" at Controladora.vhd(21)
Info (10041): Inferred latch for "Luz3" at Controladora.vhd(21)
Info (10041): Inferred latch for "Luz2" at Controladora.vhd(21)
Info (10041): Inferred latch for "Luz1" at Controladora.vhd(21)
Info (12128): Elaborating entity "CaminhoDados" for hierarchy "CaminhoDados:cam_dados"
Info (12128): Elaborating entity "21mux" for hierarchy "CaminhoDados:cam_dados|21mux:inst10"
Info (12130): Elaborated megafunction instantiation "CaminhoDados:cam_dados|21mux:inst10"
Info (12128): Elaborating entity "Comparador_Menor" for hierarchy "CaminhoDados:cam_dados|Comparador_Menor:inst3"
Info (12128): Elaborating entity "contador_mod3" for hierarchy "CaminhoDados:cam_dados|contador_mod3:inst7"
Info (12128): Elaborating entity "Comparador" for hierarchy "CaminhoDados:cam_dados|Comparador:inst1"
Info (12128): Elaborating entity "MuxProjeto" for hierarchy "CaminhoDados:cam_dados|MuxProjeto:inst4"
Warning (10631): VHDL Process Statement warning at MuxProjeto.vhd(16): inferring latch(es) for signal or variable "s", which holds its previous value in one or more paths through the process
Info (10041): Inferred latch for "s[0]" at MuxProjeto.vhd(16)
Info (10041): Inferred latch for "s[1]" at MuxProjeto.vhd(16)
Info (10041): Inferred latch for "s[2]" at MuxProjeto.vhd(16)
Info (10041): Inferred latch for "s[3]" at MuxProjeto.vhd(16)
Info (10041): Inferred latch for "s[4]" at MuxProjeto.vhd(16)
Info (10041): Inferred latch for "s[5]" at MuxProjeto.vhd(16)
Info (10041): Inferred latch for "s[6]" at MuxProjeto.vhd(16)
Info (10041): Inferred latch for "s[7]" at MuxProjeto.vhd(16)
Info (10041): Inferred latch for "s[8]" at MuxProjeto.vhd(16)
Info (10041): Inferred latch for "s[9]" at MuxProjeto.vhd(16)
Info (12128): Elaborating entity "Registrador" for hierarchy "CaminhoDados:cam_dados|Registrador:inst8"
Info (12128): Elaborating entity "Codigos" for hierarchy "CaminhoDados:cam_dados|Codigos:inst"
Info (276014): Found 1 instances of uninferred RAM logic
    Info (276004): RAM logic "CaminhoDados:cam_dados|Codigos:inst|cod" is uninferred due to inappropriate RAM size
Warning (14026): LATCH primitive "Controladora:control|Abre" is permanently enabled
Warning (14026): LATCH primitive "Controladora:control|Luz1" is permanently enabled
Warning (14026): LATCH primitive "Controladora:control|Luz2" is permanently enabled
Warning (14026): LATCH primitive "Controladora:control|Luz3" is permanently enabled
Warning (14026): LATCH primitive "Controladora:control|Conta" is permanently enabled
Warning (14026): LATCH primitive "Controladora:control|Reset_Tempo" is permanently enabled
Warning (14026): LATCH primitive "Controladora:control|proximo_estado.Inicio_1057" is permanently enabled
Warning (14026): LATCH primitive "Controladora:control|proximo_estado.A_1019" is permanently enabled
Warning (14026): LATCH primitive "Controladora:control|proximo_estado.A2_943" is permanently enabled
Warning (14026): LATCH primitive "Controladora:control|proximo_estado.B_905" is permanently enabled
Warning (14026): LATCH primitive "Controladora:control|proximo_estado.B2_829" is permanently enabled
Warning (14026): LATCH primitive "Controladora:control|proximo_estado.C_791" is permanently enabled
Warning (14026): LATCH primitive "Controladora:control|proximo_estado.C1_753" is permanently enabled
Warning (14026): LATCH primitive "Controladora:control|proximo_estado.C2_715" is permanently enabled
Warning (14026): LATCH primitive "Controladora:control|proximo_estado.D_677" is permanently enabled
Warning (14026): LATCH primitive "Controladora:control|proximo_estado.Abrir_639" is permanently enabled
Warning (14026): LATCH primitive "Controladora:control|Load3" is permanently enabled
Warning (14026): LATCH primitive "Controladora:control|Load2" is permanently enabled
Warning (14026): LATCH primitive "Controladora:control|Load1" is permanently enabled
Warning (14026): LATCH primitive "CaminhoDados:cam_dados|MuxProjeto:inst4|s[9]" is permanently enabled
Warning (14026): LATCH primitive "CaminhoDados:cam_dados|MuxProjeto:inst4|s[7]" is permanently enabled
Warning (14026): LATCH primitive "CaminhoDados:cam_dados|MuxProjeto:inst4|s[6]" is permanently enabled
Warning (14026): LATCH primitive "CaminhoDados:cam_dados|MuxProjeto:inst4|s[5]" is permanently enabled
Warning (14026): LATCH primitive "CaminhoDados:cam_dados|MuxProjeto:inst4|s[4]" is permanently enabled
Warning (14026): LATCH primitive "CaminhoDados:cam_dados|MuxProjeto:inst4|s[2]" is permanently enabled
Warning (14026): LATCH primitive "CaminhoDados:cam_dados|MuxProjeto:inst4|s[1]" is permanently enabled
Warning (14026): LATCH primitive "CaminhoDados:cam_dados|MuxProjeto:inst4|s[0]" is permanently enabled
Warning (14026): LATCH primitive "CaminhoDados:cam_dados|MuxProjeto:inst4|s[8]" is permanently enabled
Warning (14026): LATCH primitive "CaminhoDados:cam_dados|MuxProjeto:inst4|s[3]" is permanently enabled
Warning (13024): Output pins are stuck at VCC or GND
    Warning (13410): Pin "Abrir" is stuck at GND
Info (17049): 2 registers lost all their fanouts during netlist optimizations.
Info (16010): Generating hard_block partition "hard_block:auto_generated_inst"
    Info (16011): Adding 0 node(s), including 0 DDIO, 0 PLL, 0 transceiver and 0 LCELL
Warning (21074): Design contains 30 input pin(s) that do not drive logic
    Warning (15610): No output dependent on input pin "Pessoa1[0]"
    Warning (15610): No output dependent on input pin "Pessoa1[1]"
    Warning (15610): No output dependent on input pin "Pessoa1[2]"
    Warning (15610): No output dependent on input pin "Pessoa1[3]"
    Warning (15610): No output dependent on input pin "Pessoa1[4]"
    Warning (15610): No output dependent on input pin "Pessoa1[5]"
    Warning (15610): No output dependent on input pin "Pessoa1[6]"
    Warning (15610): No output dependent on input pin "Pessoa1[7]"
    Warning (15610): No output dependent on input pin "Pessoa1[8]"
    Warning (15610): No output dependent on input pin "Pessoa1[9]"
    Warning (15610): No output dependent on input pin "Pessoa2[0]"
    Warning (15610): No output dependent on input pin "Pessoa2[1]"
    Warning (15610): No output dependent on input pin "Pessoa2[2]"
    Warning (15610): No output dependent on input pin "Pessoa2[3]"
    Warning (15610): No output dependent on input pin "Pessoa2[4]"
    Warning (15610): No output dependent on input pin "Pessoa2[5]"
    Warning (15610): No output dependent on input pin "Pessoa2[6]"
    Warning (15610): No output dependent on input pin "Pessoa2[7]"
    Warning (15610): No output dependent on input pin "Pessoa2[8]"
    Warning (15610): No output dependent on input pin "Pessoa2[9]"
    Warning (15610): No output dependent on input pin "Pessoa3[0]"
    Warning (15610): No output dependent on input pin "Pessoa3[1]"
    Warning (15610): No output dependent on input pin "Pessoa3[2]"
    Warning (15610): No output dependent on input pin "Pessoa3[3]"
    Warning (15610): No output dependent on input pin "Pessoa3[4]"
    Warning (15610): No output dependent on input pin "Pessoa3[5]"
    Warning (15610): No output dependent on input pin "Pessoa3[6]"
    Warning (15610): No output dependent on input pin "Pessoa3[7]"
    Warning (15610): No output dependent on input pin "Pessoa3[8]"
    Warning (15610): No output dependent on input pin "Pessoa3[9]"
Info (21057): Implemented 63 device resources after synthesis - the final resource count might be different
    Info (21058): Implemented 35 input pins
    Info (21059): Implemented 4 output pins
    Info (21061): Implemented 24 logic cells
Info: Quartus II 64-Bit Analysis & Synthesis was successful. 0 errors, 74 warnings
    Info: Peak virtual memory: 4633 megabytes
    Info: Processing ended: Wed Jul 20 15:41:43 2022
    Info: Elapsed time: 00:00:22
    Info: Total CPU time (on all processors): 00:00:05


